
>>>>>>>>>> group_filter_map <<<<<<<<<<

>>>>>>>>>> dependences <<<<<<<<<<
{ S_1[ax0, ax1, ax2] -> S_2[ax0' = ax0, ax1' = ax1, ax2' = ax2] : 0 <= ax0 <= 1 and 0 <= ax1 <= 127 and 0 <= ax2 <= 4095; 
  S_0[ax0, ax1, ax2] -> S_1[ax0' = ax0, ax1' = ax1, ax2' = ax2] : 0 <= ax0 <= 1 and 0 <= ax1 <= 127 and 0 <= ax2 <= 4095 }

>>>>>>>>>> constraints <<<<<<<<<<
domain: "{ S_2[ax0, ax1, ax2] : 0 <= ax0 <= 1 and 0 <= ax1 <= 127 and 0 <= ax2 <= 4095;"
          "S_1[ax0, ax1, ax2] : 0 <= ax0 <= 1 and 0 <= ax1 <= 127 and 0 <= ax2 <= 4095;"
          "S_0[ax0, ax1, ax2] : 0 <= ax0 <= 1 and 0 <= ax1 <= 127 and 0 <= ax2 <= 4095 }"
validity: "{ S_1[ax0, ax1, ax2] -> S_2[ax0' = ax0, ax1' = ax1, ax2' = ax2] : 0 <= ax0 <= 1 and 0 <= ax1 <= 127 and 0 <= ax2 <= 4095;"
            "S_0[ax0, ax1, ax2] -> S_1[ax0' = ax0, ax1' = ax1, ax2' = ax2] : 0 <= ax0 <= 1 and 0 <= ax1 <= 127 and 0 <= ax2 <= 4095 }"
proximity: "{ S_1[ax0, ax1, ax2] -> S_2[ax0' = ax0, ax1' = ax1, ax2' = ax2] : 0 <= ax0 <= 1 and 0 <= ax1 <= 127 and 0 <= ax2 <= 4095;"
             "S_0[ax0, ax1, ax2] -> S_1[ax0' = ax0, ax1' = ax1, ax2' = ax2] : 0 <= ax0 <= 1 and 0 <= ax1 <= 127 and 0 <= ax2 <= 4095 }"
coincidence: "{ S_1[ax0, ax1, ax2] -> S_2[ax0' = ax0, ax1' = ax1, ax2' = ax2] : 0 <= ax0 <= 1 and 0 <= ax1 <= 127 and 0 <= ax2 <= 4095;"
               "S_0[ax0, ax1, ax2] -> S_1[ax0' = ax0, ax1' = ax1, ax2' = ax2] : 0 <= ax0 <= 1 and 0 <= ax1 <= 127 and 0 <= ax2 <= 4095 }"

>>>>>>>>>> time_records <<<<<<<<<<
[ Polyhedral exec time ], InitSchedule spent 55.9927 ms
[ Polyhedral exec time ], ComputeSchedule spent 11.1375 ms
[ Polyhedral exec time ], AnalyzeSchedule spent 0.957738 ms
[ Polyhedral exec time ], TileOuterBand spent 96.1998 ms
[ Polyhedral exec time ], CpuMemoryManager spent 0.0198 ms
[ Polyhedral exec time ], RealizeManager spent 0.056561 ms
